app/build/intermediates/manifest_merge_blame_file/debug/manifest-merger-blame-debug-report.txt
1<?xml version="1.0" encoding="utf-8"?>
2<manifest xmlns:android="http://schemas.android.com/apk/res/android"
3    package="llp.itbdesarrollo.xerawodapp"
4    android:versionCode="1"
5    android:versionName="1.0" >
6
7    <uses-sdk
8        android:minSdkVersion="26"
8-->src\main\AndroidManifest.xml
9        android:targetSdkVersion="32" />
9-->src\main\AndroidManifest.xml
10
11    <uses-permission android:name="android.permission.GET_ACCOUNTS" />
11-->src\main\AndroidManifest.xml:4:5-71
11-->src\main\AndroidManifest.xml:4:22-68
12    <uses-permission android:name="android.permission.ACCESS_NETWORK_STATE" />
12-->src\main\AndroidManifest.xml:5:5-79
12-->src\main\AndroidManifest.xml:5:22-76
13    <uses-permission android:name="android.permission.INTERNET" />
13-->src\main\AndroidManifest.xml:6:5-67
13-->src\main\AndroidManifest.xml:6:22-64
14    <uses-permission android:name="android.permission.ACCESS_WIFI_STATE" />
14-->src\main\AndroidManifest.xml:7:5-76
14-->src\main\AndroidManifest.xml:7:22-73
15    <uses-permission android:name="android.permission.WAKE_LOCK" />
15-->[com.google.android.gms:play-services-measurement-api:20.1.2] AndroidManifest.xml:24:5-68
15-->[com.google.android.gms:play-services-measurement-api:20.1.2] AndroidManifest.xml:24:22-65
16    <uses-permission android:name="com.google.android.gms.permission.AD_ID" />
16-->[com.google.android.gms:play-services-measurement-api:20.1.2] AndroidManifest.xml:25:5-79
16-->[com.google.android.gms:play-services-measurement-api:20.1.2] AndroidManifest.xml:25:22-76
17    <uses-permission android:name="com.google.android.finsky.permission.BIND_GET_INSTALL_REFERRER_SERVICE" /> <!-- Permission will be merged into the manifest of the hosting app. -->
17-->[com.google.android.gms:play-services-measurement:20.1.2] AndroidManifest.xml:26:5-110
17-->[com.google.android.gms:play-services-measurement:20.1.2] AndroidManifest.xml:26:22-107
18    <!-- Is required to launch foreground extraction service for targetSdkVersion 28+. -->
19    <uses-permission android:name="android.permission.FOREGROUND_SERVICE" />
19-->[com.google.android.play:core:1.10.2] AndroidManifest.xml:13:5-77
19-->[com.google.android.play:core:1.10.2] AndroidManifest.xml:13:22-74
20
21    <application
21-->src\main\AndroidManifest.xml:9:5-45:19
22        android:allowBackup="false"
22-->src\main\AndroidManifest.xml:10:9-36
23        android:appComponentFactory="androidx.core.app.CoreComponentFactory"
23-->[androidx.core:core:1.7.0] AndroidManifest.xml:24:18-86
24        android:debuggable="true"
25        android:extractNativeLibs="false"
26        android:icon="@mipmap/ic_launcher"
26-->src\main\AndroidManifest.xml:11:9-43
27        android:label="@string/app_name"
27-->src\main\AndroidManifest.xml:12:9-41
28        android:supportsRtl="true"
28-->src\main\AndroidManifest.xml:13:9-35
29        android:theme="@style/Theme.XeraWodApp" >
29-->src\main\AndroidManifest.xml:14:9-48
30        <activity
30-->src\main\AndroidManifest.xml:15:9-17:40
31            android:name="llp.itbdesarrollo.xerawodapp.view.CrearWodActivity"
31-->src\main\AndroidManifest.xml:16:13-50
32            android:exported="false" />
32-->src\main\AndroidManifest.xml:17:13-37
33        <activity
33-->src\main\AndroidManifest.xml:18:9-20:40
34            android:name="llp.itbdesarrollo.xerawodapp.view.HistoricoActivity"
34-->src\main\AndroidManifest.xml:19:13-51
35            android:exported="false" />
35-->src\main\AndroidManifest.xml:20:13-37
36        <activity android:name="llp.itbdesarrollo.xerawodapp.view.SplashScreenActivity" />
36-->src\main\AndroidManifest.xml:21:9-63
36-->src\main\AndroidManifest.xml:21:19-60
37        <activity
37-->src\main\AndroidManifest.xml:22:9-25:40
38            android:name="llp.itbdesarrollo.xerawodapp.view.RegisterActivity"
38-->src\main\AndroidManifest.xml:23:13-50
39            android:exported="false"
39-->src\main\AndroidManifest.xml:25:13-37
40            android:parentActivityName="llp.itbdesarrollo.xerawodapp.view.LoginActivity" />
40-->src\main\AndroidManifest.xml:24:13-61
41        <activity
41-->src\main\AndroidManifest.xml:26:9-35:20
42            android:name="llp.itbdesarrollo.xerawodapp.view.LoginActivity"
42-->src\main\AndroidManifest.xml:27:13-47
43            android:exported="true"
43-->src\main\AndroidManifest.xml:29:13-36
44            android:theme="@style/SplashTheme" >
44-->src\main\AndroidManifest.xml:28:13-47
45            <intent-filter>
45-->src\main\AndroidManifest.xml:30:13-34:29
46                <action android:name="android.intent.action.MAIN" />
46-->src\main\AndroidManifest.xml:31:17-69
46-->src\main\AndroidManifest.xml:31:25-66
47
48                <category android:name="android.intent.category.LAUNCHER" />
48-->src\main\AndroidManifest.xml:33:17-77
48-->src\main\AndroidManifest.xml:33:27-74
49            </intent-filter>
50        </activity>
51        <activity
51-->src\main\AndroidManifest.xml:37:9-43:20
52            android:name="llp.itbdesarrollo.xerawodapp.view.MainActivity"
52-->src\main\AndroidManifest.xml:38:13-46
53            android:exported="true" >
53-->src\main\AndroidManifest.xml:39:13-36
54            <intent-filter>
54-->src\main\AndroidManifest.xml:40:9-42:25
55                <category android:name="android.intent.category.DEFAULT" />
55-->src\main\AndroidManifest.xml:41:13-72
55-->src\main\AndroidManifest.xml:41:23-69
56            </intent-filter>
57        </activity>
58
59        <service
59-->[com.google.firebase:firebase-auth-ktx:21.0.2] AndroidManifest.xml:8:9-14:19
60            android:name="com.google.firebase.components.ComponentDiscoveryService"
60-->[com.google.firebase:firebase-auth-ktx:21.0.2] AndroidManifest.xml:9:13-84
61            android:directBootAware="true"
61-->[com.google.firebase:firebase-common:20.1.0] AndroidManifest.xml:35:13-43
62            android:exported="false" >
62-->[com.google.firebase:firebase-auth-ktx:21.0.2] AndroidManifest.xml:10:13-37
63            <meta-data
63-->[com.google.firebase:firebase-auth-ktx:21.0.2] AndroidManifest.xml:11:13-13:85
64                android:name="com.google.firebase.components:com.google.firebase.auth.ktx.FirebaseAuthKtxRegistrar"
64-->[com.google.firebase:firebase-auth-ktx:21.0.2] AndroidManifest.xml:12:17-116
65                android:value="com.google.firebase.components.ComponentRegistrar" />
65-->[com.google.firebase:firebase-auth-ktx:21.0.2] AndroidManifest.xml:13:17-82
66            <meta-data
66-->[com.google.firebase:firebase-auth:21.0.2] AndroidManifest.xml:67:13-69:85
67                android:name="com.google.firebase.components:com.google.firebase.auth.FirebaseAuthRegistrar"
67-->[com.google.firebase:firebase-auth:21.0.2] AndroidManifest.xml:68:17-109
68                android:value="com.google.firebase.components.ComponentRegistrar" />
68-->[com.google.firebase:firebase-auth:21.0.2] AndroidManifest.xml:69:17-82
69            <meta-data
69-->[com.google.firebase:firebase-database:20.0.4] AndroidManifest.xml:32:13-34:85
70                android:name="com.google.firebase.components:com.google.firebase.database.DatabaseRegistrar"
70-->[com.google.firebase:firebase-database:20.0.4] AndroidManifest.xml:33:17-109
71                android:value="com.google.firebase.components.ComponentRegistrar" />
71-->[com.google.firebase:firebase-database:20.0.4] AndroidManifest.xml:34:17-82
72            <meta-data
72-->[com.google.firebase:firebase-firestore-ktx:24.1.0] AndroidManifest.xml:15:13-17:85
73                android:name="com.google.firebase.components:com.google.firebase.firestore.ktx.FirebaseFirestoreKtxRegistrar"
73-->[com.google.firebase:firebase-firestore-ktx:24.1.0] AndroidManifest.xml:16:17-126
74                android:value="com.google.firebase.components.ComponentRegistrar" />
74-->[com.google.firebase:firebase-firestore-ktx:24.1.0] AndroidManifest.xml:17:17-82
75            <meta-data
75-->[com.google.firebase:firebase-firestore:24.1.0] AndroidManifest.xml:20:13-22:85
76                android:name="com.google.firebase.components:com.google.firebase.firestore.FirestoreRegistrar"
76-->[com.google.firebase:firebase-firestore:24.1.0] AndroidManifest.xml:21:17-111
77                android:value="com.google.firebase.components.ComponentRegistrar" />
77-->[com.google.firebase:firebase-firestore:24.1.0] AndroidManifest.xml:22:17-82
78            <meta-data
78-->[com.google.firebase:firebase-analytics-ktx:20.1.0] AndroidManifest.xml:11:13-13:85
79                android:name="com.google.firebase.components:com.google.firebase.analytics.ktx.FirebaseAnalyticsKtxRegistrar"
79-->[com.google.firebase:firebase-analytics-ktx:20.1.0] AndroidManifest.xml:12:17-126
80                android:value="com.google.firebase.components.ComponentRegistrar" />
80-->[com.google.firebase:firebase-analytics-ktx:20.1.0] AndroidManifest.xml:13:17-82
81            <meta-data
81-->[com.google.firebase:firebase-common-ktx:20.1.0] AndroidManifest.xml:15:13-17:85
82                android:name="com.google.firebase.components:com.google.firebase.ktx.FirebaseCommonKtxRegistrar"
82-->[com.google.firebase:firebase-common-ktx:20.1.0] AndroidManifest.xml:16:17-113
83                android:value="com.google.firebase.components.ComponentRegistrar" />
83-->[com.google.firebase:firebase-common-ktx:20.1.0] AndroidManifest.xml:17:17-82
84            <meta-data
84-->[com.google.android.gms:play-services-measurement-api:20.1.2] AndroidManifest.xml:31:13-33:85
85                android:name="com.google.firebase.components:com.google.firebase.analytics.connector.internal.AnalyticsConnectorRegistrar"
85-->[com.google.android.gms:play-services-measurement-api:20.1.2] AndroidManifest.xml:32:17-139
86                android:value="com.google.firebase.components.ComponentRegistrar" />
86-->[com.google.android.gms:play-services-measurement-api:20.1.2] AndroidManifest.xml:33:17-82
87            <meta-data
87-->[com.google.firebase:firebase-installations:17.0.1] AndroidManifest.xml:18:13-20:85
88                android:name="com.google.firebase.components:com.google.firebase.installations.FirebaseInstallationsRegistrar"
88-->[com.google.firebase:firebase-installations:17.0.1] AndroidManifest.xml:19:17-127
89                android:value="com.google.firebase.components.ComponentRegistrar" />
89-->[com.google.firebase:firebase-installations:17.0.1] AndroidManifest.xml:20:17-82
90        </service>
91
92        <activity
92-->[com.google.firebase:firebase-auth:21.0.2] AndroidManifest.xml:27:9-44:20
93            android:name="com.google.firebase.auth.internal.GenericIdpActivity"
93-->[com.google.firebase:firebase-auth:21.0.2] AndroidManifest.xml:28:13-80
94            android:excludeFromRecents="true"
94-->[com.google.firebase:firebase-auth:21.0.2] AndroidManifest.xml:29:13-46
95            android:exported="true"
95-->[com.google.firebase:firebase-auth:21.0.2] AndroidManifest.xml:30:13-36
96            android:launchMode="singleTask"
96-->[com.google.firebase:firebase-auth:21.0.2] AndroidManifest.xml:31:13-44
97            android:theme="@android:style/Theme.Translucent.NoTitleBar" >
97-->[com.google.firebase:firebase-auth:21.0.2] AndroidManifest.xml:32:13-72
98            <intent-filter>
98-->[com.google.firebase:firebase-auth:21.0.2] AndroidManifest.xml:33:13-43:29
99                <action android:name="android.intent.action.VIEW" />
99-->[com.google.firebase:firebase-auth:21.0.2] AndroidManifest.xml:34:17-69
99-->[com.google.firebase:firebase-auth:21.0.2] AndroidManifest.xml:34:25-66
100
101                <category android:name="android.intent.category.DEFAULT" />
101-->src\main\AndroidManifest.xml:41:13-72
101-->src\main\AndroidManifest.xml:41:23-69
102                <category android:name="android.intent.category.BROWSABLE" />
102-->[com.google.firebase:firebase-auth:21.0.2] AndroidManifest.xml:37:17-78
102-->[com.google.firebase:firebase-auth:21.0.2] AndroidManifest.xml:37:27-75
103
104                <data
104-->[com.google.firebase:firebase-auth:21.0.2] AndroidManifest.xml:39:17-42:51
105                    android:host="firebase.auth"
105-->[com.google.firebase:firebase-auth:21.0.2] AndroidManifest.xml:40:21-49
106                    android:path="/"
106-->[com.google.firebase:firebase-auth:21.0.2] AndroidManifest.xml:41:21-37
107                    android:scheme="genericidp" />
107-->[com.google.firebase:firebase-auth:21.0.2] AndroidManifest.xml:42:21-48
108            </intent-filter>
109        </activity>
110        <activity
110-->[com.google.firebase:firebase-auth:21.0.2] AndroidManifest.xml:45:9-62:20
111            android:name="com.google.firebase.auth.internal.RecaptchaActivity"
111-->[com.google.firebase:firebase-auth:21.0.2] AndroidManifest.xml:46:13-79
112            android:excludeFromRecents="true"
112-->[com.google.firebase:firebase-auth:21.0.2] AndroidManifest.xml:47:13-46
113            android:exported="true"
113-->[com.google.firebase:firebase-auth:21.0.2] AndroidManifest.xml:48:13-36
114            android:launchMode="singleTask"
114-->[com.google.firebase:firebase-auth:21.0.2] AndroidManifest.xml:49:13-44
115            android:theme="@android:style/Theme.Translucent.NoTitleBar" >
115-->[com.google.firebase:firebase-auth:21.0.2] AndroidManifest.xml:50:13-72
116            <intent-filter>
116-->[com.google.firebase:firebase-auth:21.0.2] AndroidManifest.xml:51:13-61:29
117                <action android:name="android.intent.action.VIEW" />
117-->[com.google.firebase:firebase-auth:21.0.2] AndroidManifest.xml:34:17-69
117-->[com.google.firebase:firebase-auth:21.0.2] AndroidManifest.xml:34:25-66
118
119                <category android:name="android.intent.category.DEFAULT" />
119-->src\main\AndroidManifest.xml:41:13-72
119-->src\main\AndroidManifest.xml:41:23-69
120                <category android:name="android.intent.category.BROWSABLE" />
120-->[com.google.firebase:firebase-auth:21.0.2] AndroidManifest.xml:37:17-78
120-->[com.google.firebase:firebase-auth:21.0.2] AndroidManifest.xml:37:27-75
121
122                <data
122-->[com.google.firebase:firebase-auth:21.0.2] AndroidManifest.xml:39:17-42:51
123                    android:host="firebase.auth"
123-->[com.google.firebase:firebase-auth:21.0.2] AndroidManifest.xml:40:21-49
124                    android:path="/"
124-->[com.google.firebase:firebase-auth:21.0.2] AndroidManifest.xml:41:21-37
125                    android:scheme="recaptcha" />
125-->[com.google.firebase:firebase-auth:21.0.2] AndroidManifest.xml:42:21-48
126            </intent-filter>
127        </activity>
128
129        <uses-library
129-->[androidx.window:window:1.0.0] AndroidManifest.xml:25:9-27:40
130            android:name="androidx.window.extensions"
130-->[androidx.window:window:1.0.0] AndroidManifest.xml:26:13-54
131            android:required="false" />
131-->[androidx.window:window:1.0.0] AndroidManifest.xml:27:13-37
132        <uses-library
132-->[androidx.window:window:1.0.0] AndroidManifest.xml:28:9-30:40
133            android:name="androidx.window.sidecar"
133-->[androidx.window:window:1.0.0] AndroidManifest.xml:29:13-51
134            android:required="false" />
134-->[androidx.window:window:1.0.0] AndroidManifest.xml:30:13-37
135
136        <activity
136-->[com.google.android.gms:play-services-base:18.0.1] AndroidManifest.xml:20:9-22:45
137            android:name="com.google.android.gms.common.api.GoogleApiActivity"
137-->[com.google.android.gms:play-services-base:18.0.1] AndroidManifest.xml:20:19-85
138            android:exported="false"
138-->[com.google.android.gms:play-services-base:18.0.1] AndroidManifest.xml:22:19-43
139            android:theme="@android:style/Theme.Translucent.NoTitleBar" />
139-->[com.google.android.gms:play-services-base:18.0.1] AndroidManifest.xml:21:19-78
140
141        <provider
141-->[com.google.firebase:firebase-common:20.1.0] AndroidManifest.xml:26:9-31:39
142            android:name="com.google.firebase.provider.FirebaseInitProvider"
142-->[com.google.firebase:firebase-common:20.1.0] AndroidManifest.xml:27:13-77
143            android:authorities="llp.itbdesarrollo.xerawodapp.firebaseinitprovider"
143-->[com.google.firebase:firebase-common:20.1.0] AndroidManifest.xml:28:13-72
144            android:directBootAware="true"
144-->[com.google.firebase:firebase-common:20.1.0] AndroidManifest.xml:29:13-43
145            android:exported="false"
145-->[com.google.firebase:firebase-common:20.1.0] AndroidManifest.xml:30:13-37
146            android:initOrder="100" />
146-->[com.google.firebase:firebase-common:20.1.0] AndroidManifest.xml:31:13-36
147
148        <receiver
148-->[com.google.android.gms:play-services-measurement:20.1.2] AndroidManifest.xml:29:9-33:20
149            android:name="com.google.android.gms.measurement.AppMeasurementReceiver"
149-->[com.google.android.gms:play-services-measurement:20.1.2] AndroidManifest.xml:30:13-85
150            android:enabled="true"
150-->[com.google.android.gms:play-services-measurement:20.1.2] AndroidManifest.xml:31:13-35
151            android:exported="false" >
151-->[com.google.android.gms:play-services-measurement:20.1.2] AndroidManifest.xml:32:13-37
152        </receiver>
153
154        <service
154-->[com.google.android.gms:play-services-measurement:20.1.2] AndroidManifest.xml:35:9-38:40
155            android:name="com.google.android.gms.measurement.AppMeasurementService"
155-->[com.google.android.gms:play-services-measurement:20.1.2] AndroidManifest.xml:36:13-84
156            android:enabled="true"
156-->[com.google.android.gms:play-services-measurement:20.1.2] AndroidManifest.xml:37:13-35
157            android:exported="false" />
157-->[com.google.android.gms:play-services-measurement:20.1.2] AndroidManifest.xml:38:13-37
158        <service
158-->[com.google.android.gms:play-services-measurement:20.1.2] AndroidManifest.xml:39:9-43:72
159            android:name="com.google.android.gms.measurement.AppMeasurementJobService"
159-->[com.google.android.gms:play-services-measurement:20.1.2] AndroidManifest.xml:40:13-87
160            android:enabled="true"
160-->[com.google.android.gms:play-services-measurement:20.1.2] AndroidManifest.xml:41:13-35
161            android:exported="false"
161-->[com.google.android.gms:play-services-measurement:20.1.2] AndroidManifest.xml:42:13-37
162            android:permission="android.permission.BIND_JOB_SERVICE" />
162-->[com.google.android.gms:play-services-measurement:20.1.2] AndroidManifest.xml:43:13-69
163
164        <meta-data
164-->[com.google.android.gms:play-services-basement:18.0.0] AndroidManifest.xml:21:9-23:69
165            android:name="com.google.android.gms.version"
165-->[com.google.android.gms:play-services-basement:18.0.0] AndroidManifest.xml:22:13-58
166            android:value="@integer/google_play_services_version" />
166-->[com.google.android.gms:play-services-basement:18.0.0] AndroidManifest.xml:23:13-66
167
168        <provider
168-->[androidx.emoji2:emoji2:1.0.0] AndroidManifest.xml:26:9-34:20
169            android:name="androidx.startup.InitializationProvider"
169-->[androidx.emoji2:emoji2:1.0.0] AndroidManifest.xml:27:13-67
170            android:authorities="llp.itbdesarrollo.xerawodapp.androidx-startup"
170-->[androidx.emoji2:emoji2:1.0.0] AndroidManifest.xml:28:13-68
171            android:exported="false" >
171-->[androidx.emoji2:emoji2:1.0.0] AndroidManifest.xml:29:13-37
172            <meta-data
172-->[androidx.emoji2:emoji2:1.0.0] AndroidManifest.xml:31:13-33:52
173                android:name="androidx.emoji2.text.EmojiCompatInitializer"
173-->[androidx.emoji2:emoji2:1.0.0] AndroidManifest.xml:32:17-75
174                android:value="androidx.startup" />
174-->[androidx.emoji2:emoji2:1.0.0] AndroidManifest.xml:33:17-49
175            <meta-data
175-->[androidx.lifecycle:lifecycle-process:2.4.0] AndroidManifest.xml:31:13-33:52
176                android:name="androidx.lifecycle.ProcessLifecycleInitializer"
176-->[androidx.lifecycle:lifecycle-process:2.4.0] AndroidManifest.xml:32:17-78
177                android:value="androidx.startup" />
177-->[androidx.lifecycle:lifecycle-process:2.4.0] AndroidManifest.xml:33:17-49
178            <meta-data
178-->[androidx.profileinstaller:profileinstaller:1.0.1] AndroidManifest.xml:31:13-33:52
179                android:name="androidx.profileinstaller.ProfileInstallerInitializer"
179-->[androidx.profileinstaller:profileinstaller:1.0.1] AndroidManifest.xml:32:17-85
180                android:value="androidx.startup" />
180-->[androidx.profileinstaller:profileinstaller:1.0.1] AndroidManifest.xml:33:17-49
181        </provider>
182
183        <receiver
183-->[androidx.profileinstaller:profileinstaller:1.0.1] AndroidManifest.xml:36:9-45:20
184            android:name="androidx.profileinstaller.ProfileInstallReceiver"
184-->[androidx.profileinstaller:profileinstaller:1.0.1] AndroidManifest.xml:37:13-76
185            android:directBootAware="false"
185-->[androidx.profileinstaller:profileinstaller:1.0.1] AndroidManifest.xml:38:13-44
186            android:enabled="true"
186-->[androidx.profileinstaller:profileinstaller:1.0.1] AndroidManifest.xml:39:13-35
187            android:exported="true"
187-->[androidx.profileinstaller:profileinstaller:1.0.1] AndroidManifest.xml:40:13-36
188            android:permission="android.permission.DUMP" >
188-->[androidx.profileinstaller:profileinstaller:1.0.1] AndroidManifest.xml:41:13-57
189            <intent-filter>
189-->[androidx.profileinstaller:profileinstaller:1.0.1] AndroidManifest.xml:42:13-44:29
190                <action android:name="androidx.profileinstaller.action.INSTALL_PROFILE" />
190-->[androidx.profileinstaller:profileinstaller:1.0.1] AndroidManifest.xml:43:17-91
190-->[androidx.profileinstaller:profileinstaller:1.0.1] AndroidManifest.xml:43:25-88
191            </intent-filter>
192        </receiver> <!-- The activities will be merged into the manifest of the hosting app. -->
193        <activity
193-->[com.google.android.play:core:1.10.2] AndroidManifest.xml:18:9-24:45
194            android:name="com.google.android.play.core.missingsplits.PlayCoreMissingSplitsActivity"
194-->[com.google.android.play:core:1.10.2] AndroidManifest.xml:19:13-100
195            android:enabled="false"
195-->[com.google.android.play:core:1.10.2] AndroidManifest.xml:20:13-36
196            android:exported="false"
196-->[com.google.android.play:core:1.10.2] AndroidManifest.xml:21:13-37
197            android:launchMode="singleInstance"
197-->[com.google.android.play:core:1.10.2] AndroidManifest.xml:22:13-48
198            android:process=":playcore_missing_splits_activity"
198-->[com.google.android.play:core:1.10.2] AndroidManifest.xml:23:13-64
199            android:stateNotNeeded="true" />
199-->[com.google.android.play:core:1.10.2] AndroidManifest.xml:24:13-42
200        <activity
200-->[com.google.android.play:core:1.10.2] AndroidManifest.xml:25:9-29:65
201            android:name="com.google.android.play.core.common.PlayCoreDialogWrapperActivity"
201-->[com.google.android.play:core:1.10.2] AndroidManifest.xml:26:13-93
202            android:exported="false"
202-->[com.google.android.play:core:1.10.2] AndroidManifest.xml:27:13-37
203            android:stateNotNeeded="true"
203-->[com.google.android.play:core:1.10.2] AndroidManifest.xml:28:13-42
204            android:theme="@style/Theme.PlayCore.Transparent" /> <!-- The services will be merged into the manifest of the hosting app. -->
204-->[com.google.android.play:core:1.10.2] AndroidManifest.xml:29:13-62
205        <service
205-->[com.google.android.play:core:1.10.2] AndroidManifest.xml:32:9-39:19
206            android:name="com.google.android.play.core.assetpacks.AssetPackExtractionService"
206-->[com.google.android.play:core:1.10.2] AndroidManifest.xml:33:13-94
207            android:enabled="false"
207-->[com.google.android.play:core:1.10.2] AndroidManifest.xml:34:13-36
208            android:exported="true" >
208-->[com.google.android.play:core:1.10.2] AndroidManifest.xml:35:13-36
209            <meta-data
209-->[com.google.android.play:core:1.10.2] AndroidManifest.xml:36:13-38:41
210                android:name="com.google.android.play.core.assetpacks.versionCode"
210-->[com.google.android.play:core:1.10.2] AndroidManifest.xml:37:17-83
211                android:value="11002" />
211-->[com.google.android.play:core:1.10.2] AndroidManifest.xml:38:17-38
212        </service>
213        <service
213-->[com.google.android.play:core:1.10.2] AndroidManifest.xml:40:9-43:40
214            android:name="com.google.android.play.core.assetpacks.ExtractionForegroundService"
214-->[com.google.android.play:core:1.10.2] AndroidManifest.xml:41:13-95
215            android:enabled="false"
215-->[com.google.android.play:core:1.10.2] AndroidManifest.xml:42:13-36
216            android:exported="false" />
216-->[com.google.android.play:core:1.10.2] AndroidManifest.xml:43:13-37
217    </application>
218
219</manifest>